# JRE version: Java(TM) SE Runtime Environment (22.0.2+9) (build 22.0.2+9-70)
# Java VM: Java HotSpot(TM) 64-Bit Server VM (22.0.2+9-70, mixed mode, sharing, tiered, compressed oops, compressed class ptrs, g1 gc, windows-amd64)
GC Precious Log:
 CardTable entry size: 512
 Card Set container configuration: InlinePtr #cards 4 size 8 Array Of Cards #cards 32 size 80 Howl #buckets 8 coarsen threshold 7372 Howl Bitmap #cards 1024 size 144 coarsen threshold 921 Card regions per heap region 1 cards per card region 8192
 CPUs: 32 total, 32 available
 Memory: 32418M
 Large Page Support: Disabled
 NUMA Support: Disabled
 Compressed Oops: Enabled (Zero based)
 Heap Region Size: 4M
 Heap Min Capacity: 8M
 Heap Initial Capacity: 508M
 Heap Max Capacity: 8108M
 Pre-touch: Disabled
 Parallel Workers: 23
 Concurrent Workers: 6
 Concurrent Refinement Workers: 23
 Periodic GC: Disabled
Heap:
 garbage-first heap   total reserved 8302592K, committed 45056K, used 21281K [0x0000000605400000, 0x0000000800000000)
  region size 4096K, 4 young (16384K), 1 survivors (4096K)
 Metaspace       used 7193K, committed 7424K, reserved 1114112K
  class space    used 697K, committed 768K, reserved 1048576K
GC Heap History (20 events):
Event: 86.225 GC heap before
{Heap before GC invocations=316 (full 7):
 garbage-first heap   total reserved 8302592K, committed 45056K, used 29297K [0x0000000605400000, 0x0000000800000000)
  region size 4096K, 5 young (20480K), 1 survivors (4096K)
 Metaspace       used 7193K, committed 7424K, reserved 1114112K
  class space    used 697K, committed 768K, reserved 1048576K
}
Event: 86.226 GC heap after
{Heap after GC invocations=317 (full 7):
 garbage-first heap   total reserved 8302592K, committed 45056K, used 12947K [0x0000000605400000, 0x0000000800000000)
  region size 4096K, 1 young (4096K), 1 survivors (4096K)
 Metaspace       used 7193K, committed 7424K, reserved 1114112K
  class space    used 697K, committed 768K, reserved 1048576K
}
Event: 86.596 GC heap before
{Heap before GC invocations=317 (full 7):
 garbage-first heap   total reserved 8302592K, committed 45056K, used 29331K [0x0000000605400000, 0x0000000800000000)
  region size 4096K, 5 young (20480K), 1 survivors (4096K)
 Metaspace       used 7193K, committed 7424K, reserved 1114112K
  class space    used 697K, committed 768K, reserved 1048576K
}
Event: 86.596 GC heap after
{Heap after GC invocations=318 (full 7):
 garbage-first heap   total reserved 8302592K, committed 45056K, used 12965K [0x0000000605400000, 0x0000000800000000)
  region size 4096K, 1 young (4096K), 1 survivors (4096K)
 Metaspace       used 7193K, committed 7424K, reserved 1114112K
  class space    used 697K, committed 768K, reserved 1048576K
}
Event: 86.996 GC heap before
{Heap before GC invocations=318 (full 7):
 garbage-first heap   total reserved 8302592K, committed 45056K, used 29349K [0x0000000605400000, 0x0000000800000000)
  region size 4096K, 5 young (20480K), 1 survivors (4096K)
 Metaspace       used 7193K, committed 7424K, reserved 1114112K
  class space    used 697K, committed 768K, reserved 1048576K
}
Event: 86.997 GC heap after
{Heap after GC invocations=319 (full 7):
 garbage-first heap   total reserved 8302592K, committed 45056K, used 12975K [0x0000000605400000, 0x0000000800000000)
  region size 4096K, 1 young (4096K), 1 survivors (4096K)
 Metaspace       used 7193K, committed 7424K, reserved 1114112K
  class space    used 697K, committed 768K, reserved 1048576K
}
Event: 87.385 GC heap before
{Heap before GC invocations=319 (full 7):
 garbage-first heap   total reserved 8302592K, committed 45056K, used 29359K [0x0000000605400000, 0x0000000800000000)
  region size 4096K, 5 young (20480K), 1 survivors (4096K)
 Metaspace       used 7193K, committed 7424K, reserved 1114112K
  class space    used 697K, committed 768K, reserved 1048576K
}
Event: 87.386 GC heap after
{Heap after GC invocations=320 (full 7):
 garbage-first heap   total reserved 8302592K, committed 45056K, used 12982K [0x0000000605400000, 0x0000000800000000)
  region size 4096K, 1 young (4096K), 1 survivors (4096K)
 Metaspace       used 7193K, committed 7424K, reserved 1114112K
  class space    used 697K, committed 768K, reserved 1048576K
}
Event: 87.776 GC heap before
{Heap before GC invocations=320 (full 7):
 garbage-first heap   total reserved 8302592K, committed 45056K, used 29366K [0x0000000605400000, 0x0000000800000000)
  region size 4096K, 5 young (20480K), 1 survivors (4096K)
 Metaspace       used 7193K, committed 7424K, reserved 1114112K
  class space    used 697K, committed 768K, reserved 1048576K
}
Event: 87.777 GC heap after
{Heap after GC invocations=321 (full 7):
 garbage-first heap   total reserved 8302592K, committed 45056K, used 13030K [0x0000000605400000, 0x0000000800000000)
  region size 4096K, 1 young (4096K), 1 survivors (4096K)
 Metaspace       used 7193K, committed 7424K, reserved 1114112K
  class space    used 697K, committed 768K, reserved 1048576K
}
Event: 88.126 GC heap before
{Heap before GC invocations=321 (full 7):
 garbage-first heap   total reserved 8302592K, committed 45056K, used 29414K [0x0000000605400000, 0x0000000800000000)
  region size 4096K, 5 young (20480K), 1 survivors (4096K)
 Metaspace       used 7193K, committed 7424K, reserved 1114112K
  class space    used 697K, committed 768K, reserved 1048576K
}
Event: 88.127 GC heap after
{Heap after GC invocations=322 (full 7):
 garbage-first heap   total reserved 8302592K, committed 45056K, used 13020K [0x0000000605400000, 0x0000000800000000)
  region size 4096K, 1 young (4096K), 1 survivors (4096K)
 Metaspace       used 7193K, committed 7424K, reserved 1114112K
  class space    used 697K, committed 768K, reserved 1048576K
}
Event: 88.526 GC heap before
{Heap before GC invocations=322 (full 7):
 garbage-first heap   total reserved 8302592K, committed 45056K, used 29404K [0x0000000605400000, 0x0000000800000000)
  region size 4096K, 5 young (20480K), 1 survivors (4096K)
 Metaspace       used 7193K, committed 7424K, reserved 1114112K
  class space    used 697K, committed 768K, reserved 1048576K
}
Event: 88.527 GC heap after
{Heap after GC invocations=323 (full 7):
 garbage-first heap   total reserved 8302592K, committed 45056K, used 13037K [0x0000000605400000, 0x0000000800000000)
  region size 4096K, 1 young (4096K), 1 survivors (4096K)
 Metaspace       used 7193K, committed 7424K, reserved 1114112K
  class space    used 697K, committed 768K, reserved 1048576K
}
Event: 88.912 GC heap before
{Heap before GC invocations=323 (full 7):
 garbage-first heap   total reserved 8302592K, committed 45056K, used 29421K [0x0000000605400000, 0x0000000800000000)
  region size 4096K, 5 young (20480K), 1 survivors (4096K)
 Metaspace       used 7193K, committed 7424K, reserved 1114112K
  class space    used 697K, committed 768K, reserved 1048576K
}
Event: 88.913 GC heap after
{Heap after GC invocations=324 (full 7):
 garbage-first heap   total reserved 8302592K, committed 45056K, used 13044K [0x0000000605400000, 0x0000000800000000)
  region size 4096K, 1 young (4096K), 1 survivors (4096K)
 Metaspace       used 7193K, committed 7424K, reserved 1114112K
  class space    used 697K, committed 768K, reserved 1048576K
}
Event: 89.291 GC heap before
{Heap before GC invocations=324 (full 7):
 garbage-first heap   total reserved 8302592K, committed 45056K, used 29428K [0x0000000605400000, 0x0000000800000000)
  region size 4096K, 5 young (20480K), 1 survivors (4096K)
 Metaspace       used 7193K, committed 7424K, reserved 1114112K
  class space    used 697K, committed 768K, reserved 1048576K
}
Event: 89.291 GC heap after
{Heap after GC invocations=325 (full 7):
 garbage-first heap   total reserved 8302592K, committed 45056K, used 13082K [0x0000000605400000, 0x0000000800000000)
  region size 4096K, 1 young (4096K), 1 survivors (4096K)
 Metaspace       used 7193K, committed 7424K, reserved 1114112K
  class space    used 697K, committed 768K, reserved 1048576K
}
Event: 89.684 GC heap before
{Heap before GC invocations=325 (full 7):
 garbage-first heap   total reserved 8302592K, committed 45056K, used 29466K [0x0000000605400000, 0x0000000800000000)
  region size 4096K, 5 young (20480K), 1 survivors (4096K)
 Metaspace       used 7193K, committed 7424K, reserved 1114112K
  class space    used 697K, committed 768K, reserved 1048576K
}
Event: 89.685 GC heap after
{Heap after GC invocations=326 (full 7):
 garbage-first heap   total reserved 8302592K, committed 45056K, used 13088K [0x0000000605400000, 0x0000000800000000)
  region size 4096K, 1 young (4096K), 1 survivors (4096K)
 Metaspace       used 7193K, committed 7424K, reserved 1114112K
  class space    used 697K, committed 768K, reserved 1048576K
}

